C:\Users\vig\CascadeProjects\ai-chatbot>npm run dev

> ai-chatbot@0.1.0 dev
> next dev --turbo

 ⚠ Port 3000 is in use, trying 3001 instead.
   ▲ Next.js 15.0.3-canary.2 (Turbopack)
   - Local:        http://localhost:3001
   - Environments: .env
   - Experiments (use with caution):
     · ppr

 ✓ Starting...
 ✓ Compiled in 736ms
 ✓ Ready in 3.8s
 ○ Compiling /api/history ...
 GET /api/vote?chatId=ce594af4-40f0-40ad-9b61-9acc4e980e0e 200 in 5151ms
Failed to get chats by user from database
 ⨯ Error [PostgresError]: column "modelId" does not exist
    at ErrorResponse (turbopack://[project]/node_modules/postgres/src/connection.js:788:25)
    at handle (turbopack://[project]/node_modules/postgres/src/connection.js:474:6)
    at Socket.data (turbopack://[project]/node_modules/postgres/src/connection.js:315:8)
  786 |   function ErrorResponse(x) {
  787 |     query && (query.cursorFn || query.describeFirst) && write(Sync)
> 788 |     const error = Errors.postgres(parseError(x))
      |                         ^
  789 |     query && query.retried
  790 |       ? errored(query.retried)
  791 |       : query && query.prepared && retryRoutines.has(error.routine) {
  severity_local: 'ERROR',
  severity: 'ERROR',
  code: '42703',
  position: '60',
  file: 'parse_relation.c',
  line: '3722',
  routine: 'errorMissingColumn'
}
 GET /api/history 500 in 5634ms
 ⨯ PostgresError: column "modelId" does not exist
    at ErrorResponse (C:\Users\vig\CascadeProjects\ai-chatbot\.next\server\chunks\node_modules_46a4d6._.js:6723:173)
    at handle (C:\Users\vig\CascadeProjects\ai-chatbot\.next\server\chunks\node_modules_46a4d6._.js:6523:728)
    at Socket.data (C:\Users\vig\CascadeProjects\ai-chatbot\.next\server\chunks\node_modules_46a4d6._.js:6411:17)
    at Socket.emit (node:events:518:28)
Failed to get chats by user from database
 ⨯ Error [PostgresError]: column "modelId" does not exist
    at ErrorResponse (turbopack://[project]/node_modules/postgres/src/connection.js:788:25)
    at handle (turbopack://[project]/node_modules/postgres/src/connection.js:474:6)
    at Socket.data (turbopack://[project]/node_modules/postgres/src/connection.js:315:8)
  786 |   function ErrorResponse(x) {
  787 |     query && (query.cursorFn || query.describeFirst) && write(Sync)
> 788 |     const error = Errors.postgres(parseError(x))
      |                         ^
  789 |     query && query.retried
  790 |       ? errored(query.retried)
  791 |       : query && query.prepared && retryRoutines.has(error.routine) {
  severity_local: 'ERROR',
  severity: 'ERROR',
  code: '42703',
  position: '60',
  file: 'parse_relation.c',
  line: '3722',
  routine: 'errorMissingColumn'
}
 GET /api/history 500 in 598ms
 ⨯ PostgresError: column "modelId" does not exist
    at ErrorResponse (C:\Users\vig\CascadeProjects\ai-chatbot\.next\server\chunks\node_modules_46a4d6._.js:6723:173)
    at handle (C:\Users\vig\CascadeProjects\ai-chatbot\.next\server\chunks\node_modules_46a4d6._.js:6523:728)
    at Socket.data (C:\Users\vig\CascadeProjects\ai-chatbot\.next\server\chunks\node_modules_46a4d6._.js:6411:17)
    at Socket.emit (node:events:518:28)
 ✓ Compiled /api/history in 15.5s
 GET / 200 in 17452ms
 ✓ Compiled /favicon.ico in 296ms
 GET /favicon.ico?favicon.46d6a819.ico 200 in 857ms
Failed to get chats by user from database
 ⨯ Error [PostgresError]: column "modelId" does not exist
    at ErrorResponse (turbopack://[project]/node_modules/postgres/src/connection.js:788:25)
    at handle (turbopack://[project]/node_modules/postgres/src/connection.js:474:6)
    at Socket.data (turbopack://[project]/node_modules/postgres/src/connection.js:315:8)
  786 |   function ErrorResponse(x) {
  787 |     query && (query.cursorFn || query.describeFirst) && write(Sync)
> 788 |     const error = Errors.postgres(parseError(x))
      |                         ^
  789 |     query && query.retried
  790 |       ? errored(query.retried)
  791 |       : query && query.prepared && retryRoutines.has(error.routine) {
  severity_local: 'ERROR',
  severity: 'ERROR',
  code: '42703',
  position: '60',
  file: 'parse_relation.c',
  line: '3722',
  routine: 'errorMissingColumn'
}
 GET /api/history 500 in 830ms
 ⨯ PostgresError: column "modelId" does not exist
    at ErrorResponse (C:\Users\vig\CascadeProjects\ai-chatbot\.next\server\chunks\node_modules_46a4d6._.js:6723:173)
    at handle (C:\Users\vig\CascadeProjects\ai-chatbot\.next\server\chunks\node_modules_46a4d6._.js:6523:728)
    at Socket.data (C:\Users\vig\CascadeProjects\ai-chatbot\.next\server\chunks\node_modules_46a4d6._.js:6411:17)
    at Socket.emit (node:events:518:28)
 GET /api/vote?chatId=890f8b66-bf36-43f5-88e4-eb4f6b2c5660 200 in 894ms
Failed to get chats by user from database
 ⨯ Error [PostgresError]: column "modelId" does not exist
    at ErrorResponse (turbopack://[project]/node_modules/postgres/src/connection.js:788:25)
    at handle (turbopack://[project]/node_modules/postgres/src/connection.js:474:6)
    at Socket.data (turbopack://[project]/node_modules/postgres/src/connection.js:315:8)
  786 |   function ErrorResponse(x) {
  787 |     query && (query.cursorFn || query.describeFirst) && write(Sync)
> 788 |     const error = Errors.postgres(parseError(x))
      |                         ^
  789 |     query && query.retried
  790 |       ? errored(query.retried)
  791 |       : query && query.prepared && retryRoutines.has(error.routine) {
  severity_local: 'ERROR',
  severity: 'ERROR',
  code: '42703',
  position: '60',
  file: 'parse_relation.c',
  line: '3722',
  routine: 'errorMissingColumn'
}
 GET /api/history 500 in 303ms
 ⨯ PostgresError: column "modelId" does not exist
    at ErrorResponse (C:\Users\vig\CascadeProjects\ai-chatbot\.next\server\chunks\node_modules_46a4d6._.js:6723:173)
    at handle (C:\Users\vig\CascadeProjects\ai-chatbot\.next\server\chunks\node_modules_46a4d6._.js:6523:728)
    at Socket.data (C:\Users\vig\CascadeProjects\ai-chatbot\.next\server\chunks\node_modules_46a4d6._.js:6411:17)
    at Socket.emit (node:events:518:28)
Failed to get chats by user from database
 ⨯ Error [PostgresError]: column "modelId" does not exist
    at ErrorResponse (turbopack://[project]/node_modules/postgres/src/connection.js:788:25)
    at handle (turbopack://[project]/node_modules/postgres/src/connection.js:474:6)
    at Socket.data (turbopack://[project]/node_modules/postgres/src/connection.js:315:8)
  786 |   function ErrorResponse(x) {
  787 |     query && (query.cursorFn || query.describeFirst) && write(Sync)
> 788 |     const error = Errors.postgres(parseError(x))
      |                         ^
  789 |     query && query.retried
  790 |       ? errored(query.retried)
  791 |       : query && query.prepared && retryRoutines.has(error.routine) {
  severity_local: 'ERROR',
  severity: 'ERROR',
  code: '42703',
  position: '60',
  file: 'parse_relation.c',
  line: '3722',
  routine: 'errorMissingColumn'
}
 GET /api/history 500 in 297ms
 ⨯ PostgresError: column "modelId" does not exist
    at ErrorResponse (C:\Users\vig\CascadeProjects\ai-chatbot\.next\server\chunks\node_modules_46a4d6._.js:6723:173)
    at handle (C:\Users\vig\CascadeProjects\ai-chatbot\.next\server\chunks\node_modules_46a4d6._.js:6523:728)
    at Socket.data (C:\Users\vig\CascadeProjects\ai-chatbot\.next\server\chunks\node_modules_46a4d6._.js:6411:17)
    at Socket.emit (node:events:518:28)
